<?xml version="1.0" encoding="UTF-8"?>
<testsuite name="TestPdeBot" tests="1" skipped="0" failures="0" errors="0" timestamp="2016-04-14T15:23:12" hostname="victor-LANIX" time="0.109">
  <properties/>
  <testcase name="test1" classname="TestPdeBot" time="0.109"/>
  <system-out><![CDATA[]]></system-out>
  <system-err><![CDATA[]]></system-err>
</testsuite>
